<?xml version="1.0" encoding="UTF-8"?>
<!-- Generated by org.testng.reporters.JUnitReportReporter -->
<testsuite skipped="0" hostname="Ayeesha" name="com.learning.rough.LearnObjects" tests="2" failures="0" timestamp="2020-03-31T06:57:22 IST" time="0.008" errors="0">
  <testcase name="displayData" time="0.001" classname="com.learning.rough.LearnObjects"/>
  <system-out/>
  <testcase name="displayData" time="0.007" classname="com.learning.rough.LearnObjects"/>
  <system-out/>
</testsuite> <!-- com.learning.rough.LearnObjects -->
